{"/home/ubuntu37/Desktop/firebase/jest-crud/app.js": {"path":"/home/ubuntu37/Desktop/firebase/jest-crud/app.js","statementMap":{"0":{"start":{"line":40,"column":16},"end":{"line":40,"column":34}},"1":{"start":{"line":41,"column":17},"end":{"line":41,"column":36}},"2":{"start":{"line":42,"column":19},"end":{"line":42,"column":41}},"3":{"start":{"line":43,"column":19},"end":{"line":43,"column":49}},"4":{"start":{"line":45,"column":12},"end":{"line":45,"column":21}},"5":{"start":{"line":46,"column":13},"end":{"line":46,"column":37}},"6":{"start":{"line":47,"column":20},"end":{"line":47,"column":60}},"7":{"start":{"line":49,"column":0},"end":{"line":49,"column":27}},"8":{"start":{"line":51,"column":0},"end":{"line":58,"column":5}},"9":{"start":{"line":53,"column":4},"end":{"line":53,"column":40}},"10":{"start":{"line":54,"column":4},"end":{"line":54,"column":18}},"11":{"start":{"line":57,"column":4},"end":{"line":57,"column":55}},"12":{"start":{"line":61,"column":17},"end":{"line":63,"column":4}},"13":{"start":{"line":62,"column":4},"end":{"line":62,"column":53}},"14":{"start":{"line":66,"column":2},"end":{"line":68,"column":5}},"15":{"start":{"line":67,"column":4},"end":{"line":67,"column":51}},"16":{"start":{"line":71,"column":0},"end":{"line":71,"column":34}},"17":{"start":{"line":73,"column":0},"end":{"line":73,"column":21}}},"fnMap":{"0":{"name":"(anonymous_0)","decl":{"start":{"line":52,"column":8},"end":{"line":52,"column":9}},"loc":{"start":{"line":52,"column":14},"end":{"line":55,"column":3}},"line":52},"1":{"name":"(anonymous_1)","decl":{"start":{"line":56,"column":9},"end":{"line":56,"column":10}},"loc":{"start":{"line":56,"column":18},"end":{"line":58,"column":3}},"line":56},"2":{"name":"startServer","decl":{"start":{"line":60,"column":9},"end":{"line":60,"column":20}},"loc":{"start":{"line":60,"column":23},"end":{"line":69,"column":1}},"line":60},"3":{"name":"(anonymous_3)","decl":{"start":{"line":61,"column":34},"end":{"line":61,"column":35}},"loc":{"start":{"line":61,"column":40},"end":{"line":63,"column":3}},"line":61},"4":{"name":"(anonymous_4)","decl":{"start":{"line":66,"column":21},"end":{"line":66,"column":22}},"loc":{"start":{"line":66,"column":32},"end":{"line":68,"column":3}},"line":66}},"branchMap":{"0":{"loc":{"start":{"line":46,"column":13},"end":{"line":46,"column":37}},"type":"binary-expr","locations":[{"start":{"line":46,"column":13},"end":{"line":46,"column":29}},{"start":{"line":46,"column":33},"end":{"line":46,"column":37}}],"line":46}},"s":{"0":1,"1":1,"2":1,"3":1,"4":1,"5":1,"6":1,"7":1,"8":1,"9":1,"10":1,"11":0,"12":1,"13":1,"14":1,"15":0,"16":1,"17":1},"f":{"0":1,"1":0,"2":1,"3":1,"4":0},"b":{"0":[1,1]},"_coverageSchema":"1a1c01bbd47fc00a2c39e90264f33305004495a9","hash":"9df0e2da0cccb38382522a6d12ead83dc3c82b60"}
,"/home/ubuntu37/Desktop/firebase/jest-crud/controllers/itemController.js": {"path":"/home/ubuntu37/Desktop/firebase/jest-crud/controllers/itemController.js","statementMap":{"0":{"start":{"line":3,"column":13},"end":{"line":3,"column":43}},"1":{"start":{"line":5,"column":0},"end":{"line":13,"column":2}},"2":{"start":{"line":6,"column":2},"end":{"line":12,"column":3}},"3":{"start":{"line":7,"column":18},"end":{"line":7,"column":35}},"4":{"start":{"line":8,"column":4},"end":{"line":8,"column":51}},"5":{"start":{"line":10,"column":4},"end":{"line":10,"column":25}},"6":{"start":{"line":11,"column":4},"end":{"line":11,"column":79}},"7":{"start":{"line":15,"column":0},"end":{"line":25,"column":2}},"8":{"start":{"line":16,"column":2},"end":{"line":24,"column":3}},"9":{"start":{"line":17,"column":41},"end":{"line":17,"column":49}},"10":{"start":{"line":18,"column":20},"end":{"line":18,"column":58}},"11":{"start":{"line":19,"column":4},"end":{"line":19,"column":25}},"12":{"start":{"line":20,"column":4},"end":{"line":20,"column":59}},"13":{"start":{"line":22,"column":4},"end":{"line":22,"column":33}},"14":{"start":{"line":23,"column":4},"end":{"line":23,"column":79}},"15":{"start":{"line":27,"column":0},"end":{"line":39,"column":2}},"16":{"start":{"line":28,"column":2},"end":{"line":38,"column":3}},"17":{"start":{"line":29,"column":19},"end":{"line":29,"column":32}},"18":{"start":{"line":30,"column":17},"end":{"line":30,"column":44}},"19":{"start":{"line":31,"column":4},"end":{"line":33,"column":5}},"20":{"start":{"line":32,"column":6},"end":{"line":32,"column":81}},"21":{"start":{"line":34,"column":4},"end":{"line":34,"column":50}},"22":{"start":{"line":36,"column":4},"end":{"line":36,"column":25}},"23":{"start":{"line":37,"column":4},"end":{"line":37,"column":79}},"24":{"start":{"line":41,"column":0},"end":{"line":61,"column":2}},"25":{"start":{"line":42,"column":2},"end":{"line":60,"column":3}},"26":{"start":{"line":43,"column":19},"end":{"line":43,"column":32}},"27":{"start":{"line":44,"column":41},"end":{"line":44,"column":49}},"28":{"start":{"line":46,"column":24},"end":{"line":50,"column":5}},"29":{"start":{"line":52,"column":4},"end":{"line":54,"column":5}},"30":{"start":{"line":53,"column":6},"end":{"line":53,"column":81}},"31":{"start":{"line":56,"column":4},"end":{"line":56,"column":63}},"32":{"start":{"line":58,"column":4},"end":{"line":58,"column":25}},"33":{"start":{"line":59,"column":4},"end":{"line":59,"column":79}},"34":{"start":{"line":63,"column":0},"end":{"line":77,"column":2}},"35":{"start":{"line":64,"column":2},"end":{"line":76,"column":3}},"36":{"start":{"line":65,"column":19},"end":{"line":65,"column":32}},"37":{"start":{"line":66,"column":24},"end":{"line":66,"column":60}},"38":{"start":{"line":68,"column":4},"end":{"line":70,"column":5}},"39":{"start":{"line":69,"column":6},"end":{"line":69,"column":81}},"40":{"start":{"line":72,"column":4},"end":{"line":72,"column":82}},"41":{"start":{"line":74,"column":4},"end":{"line":74,"column":25}},"42":{"start":{"line":75,"column":4},"end":{"line":75,"column":79}},"43":{"start":{"line":80,"column":0},"end":{"line":87,"column":1}},"44":{"start":{"line":81,"column":2},"end":{"line":86,"column":3}}},"fnMap":{"0":{"name":"(anonymous_0)","decl":{"start":{"line":5,"column":22},"end":{"line":5,"column":23}},"loc":{"start":{"line":5,"column":42},"end":{"line":13,"column":1}},"line":5},"1":{"name":"(anonymous_1)","decl":{"start":{"line":15,"column":21},"end":{"line":15,"column":22}},"loc":{"start":{"line":15,"column":41},"end":{"line":25,"column":1}},"line":15},"2":{"name":"(anonymous_2)","decl":{"start":{"line":27,"column":22},"end":{"line":27,"column":23}},"loc":{"start":{"line":27,"column":42},"end":{"line":39,"column":1}},"line":27},"3":{"name":"(anonymous_3)","decl":{"start":{"line":41,"column":21},"end":{"line":41,"column":22}},"loc":{"start":{"line":41,"column":41},"end":{"line":61,"column":1}},"line":41},"4":{"name":"(anonymous_4)","decl":{"start":{"line":63,"column":21},"end":{"line":63,"column":22}},"loc":{"start":{"line":63,"column":41},"end":{"line":77,"column":1}},"line":63},"5":{"name":"(anonymous_5)","decl":{"start":{"line":80,"column":27},"end":{"line":80,"column":28}},"loc":{"start":{"line":80,"column":36},"end":{"line":87,"column":1}},"line":80}},"branchMap":{"0":{"loc":{"start":{"line":31,"column":4},"end":{"line":33,"column":5}},"type":"if","locations":[{"start":{"line":31,"column":4},"end":{"line":33,"column":5}},{"start":{},"end":{}}],"line":31},"1":{"loc":{"start":{"line":52,"column":4},"end":{"line":54,"column":5}},"type":"if","locations":[{"start":{"line":52,"column":4},"end":{"line":54,"column":5}},{"start":{},"end":{}}],"line":52},"2":{"loc":{"start":{"line":68,"column":4},"end":{"line":70,"column":5}},"type":"if","locations":[{"start":{"line":68,"column":4},"end":{"line":70,"column":5}},{"start":{},"end":{}}],"line":68}},"s":{"0":1,"1":1,"2":1,"3":1,"4":1,"5":0,"6":0,"7":1,"8":1,"9":1,"10":1,"11":1,"12":1,"13":0,"14":0,"15":1,"16":1,"17":1,"18":1,"19":1,"20":0,"21":1,"22":0,"23":0,"24":1,"25":1,"26":1,"27":1,"28":1,"29":1,"30":0,"31":1,"32":0,"33":0,"34":1,"35":1,"36":1,"37":1,"38":1,"39":0,"40":1,"41":0,"42":0,"43":1,"44":0},"f":{"0":1,"1":1,"2":1,"3":1,"4":1,"5":0},"b":{"0":[0,1],"1":[0,1],"2":[0,1]},"_coverageSchema":"1a1c01bbd47fc00a2c39e90264f33305004495a9","hash":"71bb9b4e25f94dcff93250f274a3ffcf71aac3f0"}
,"/home/ubuntu37/Desktop/firebase/jest-crud/models/itemModel.js": {"path":"/home/ubuntu37/Desktop/firebase/jest-crud/models/itemModel.js","statementMap":{"0":{"start":{"line":3,"column":17},"end":{"line":3,"column":36}},"1":{"start":{"line":5,"column":19},"end":{"line":9,"column":2}},"2":{"start":{"line":11,"column":13},"end":{"line":11,"column":47}},"3":{"start":{"line":13,"column":0},"end":{"line":13,"column":22}}},"fnMap":{},"branchMap":{},"s":{"0":1,"1":1,"2":1,"3":1},"f":{},"b":{},"_coverageSchema":"1a1c01bbd47fc00a2c39e90264f33305004495a9","hash":"5d1a3b8d9b9f3c7d62900562e4d18249131f95f2"}
,"/home/ubuntu37/Desktop/firebase/jest-crud/routes/itemRoutes.js": {"path":"/home/ubuntu37/Desktop/firebase/jest-crud/routes/itemRoutes.js","statementMap":{"0":{"start":{"line":3,"column":16},"end":{"line":3,"column":34}},"1":{"start":{"line":4,"column":15},"end":{"line":4,"column":31}},"2":{"start":{"line":5,"column":23},"end":{"line":5,"column":63}},"3":{"start":{"line":7,"column":0},"end":{"line":7,"column":44}},"4":{"start":{"line":8,"column":0},"end":{"line":8,"column":44}},"5":{"start":{"line":9,"column":0},"end":{"line":9,"column":47}},"6":{"start":{"line":10,"column":0},"end":{"line":10,"column":46}},"7":{"start":{"line":11,"column":0},"end":{"line":11,"column":49}},"8":{"start":{"line":13,"column":0},"end":{"line":13,"column":24}}},"fnMap":{},"branchMap":{},"s":{"0":1,"1":1,"2":1,"3":1,"4":1,"5":1,"6":1,"7":1,"8":1},"f":{},"b":{},"_coverageSchema":"1a1c01bbd47fc00a2c39e90264f33305004495a9","hash":"424a4b6d2df0aaffad0de6a7968cab1a374d972f"}
}
